
> onspace-app@1.0.0 web
> expo start --web

Starting project at /app
Starting Metro Bundler
The following packages should be updated for best compatibility with the installed expo version:
  @expo/metro-runtime@5.0.4 - expected version: ~5.0.5
  @react-native-community/datetimepicker@8.6.0 - expected version: 8.4.1
  @react-native-picker/picker@2.11.0 - expected version: 2.11.1
  expo-image@2.2.1 - expected version: ~2.4.1
  expo-modules-autolinking@56.0.16 - expected version: ~2.1.0
  expo-router@5.0.7 - expected version: ~5.1.11
  expo-screen-capture@7.1.5 - expected version: ~7.2.0
  expo-web-browser@14.1.6 - expected version: ~14.2.0
  react-native@0.79.3 - expected version: 0.79.6
  jest-expo@56.0.5 - expected version: ~53.0.14
Your project may not work correctly until you install the expected versions of the packages.
Waiting on http://localhost:8081
Logs for your project will appear below.
Web node_modules/expo-router/entry.js ░░░░░░░░░░░░░░░░  0.0% (0/1)
Web node_modules/expo-router/entry.js ▓▓▓▓▓░░░░░░░░░░░ 35.7% (326/609)
λ node_modules/expo-router/node/render.js ▓▓▓▓▓▓▓░░░░░░░░░ 45.1% (458/682)
Web node_modules/expo-router/entry.js ▓▓▓▓▓▓▓▓▓▓▓░░░░░ 73.7% (1098/1279)
λ node_modules/expo-router/node/render.js ▓▓▓▓▓▓▓▓▓▓▓▓░░░░ 80.5% (1236/1378)
λ Bundled 8550ms node_modules/expo-router/node/render.js (1571 modules)
λ  WARN  "shadow*" style props are deprecated. Use "boxShadow".
λ  WARN  [expo-notifications] Listening to push token changes is not yet fully supported on web. Adding a listener will have no effect.
λ  WARN  props.pointerEvents is deprecated. Use style.pointerEvents
Web node_modules/expo-router/entry.js ▓▓▓▓▓▓▓▓▓▓▓▓▓▓▓░ 99.9% (1696/1696)
Web Bundled 17961ms node_modules/expo-router/entry.js (1696 modules)
Web node_modules/expo-router/entry.js ▓▓▓▓▓▓▓▓▓▓▓▓▓▓▓░ 99.9% (1696/1696)
Web Bundled 2830ms node_modules/expo-router/entry.js (1698 modules)
 LOG  [web] Logs will appear in the browser console
Web node_modules/expo-router/entry.js ░░░░░░░░░░░░░░░░  0.0% (0/1)
λ Bundled 81ms node_modules/expo-router/node/render.js (1 module)
λ  WARN  "shadow*" style props are deprecated. Use "boxShadow".
λ  WARN  [expo-notifications] Listening to push token changes is not yet fully supported on web. Adding a listener will have no effect.
λ  WARN  props.pointerEvents is deprecated. Use style.pointerEvents
Web Bundled 852ms node_modules/expo-router/entry.js (1 module)
Web Bundled 81ms node_modules/expo-router/entry.js (1 module)
 LOG  [web] Logs will appear in the browser console
